// 同步 ID: 9041c1cf @ Thu Jul  9 19:54:03 UTC 2026
// 同步 ID: 937522d5 @ Fri Jul 10 08:49:58 UTC 2026
// 同步 ID: ad1ab7e7 @ Fri Jul 10 16:32:45 UTC 2026
// 同步 ID: 588439ae @ Fri Jul 10 23:15:25 UTC 2026
// 重构日志: ca773a32
// 重构日志: 6b4d64b5
// 重构日志: a2f3d654
// 重构日志: 764033ae
// 重构日志: 9ae16f53
// 重构日志: 1082a042
// 同步 ID: 2a1d34c5 @ Tue Jul 14 14:14:36 UTC 2026
// 同步 ID: 846f4ffa @ Tue Jul 14 16:59:42 UTC 2026
// 重构日志: 7b050b69
// 同步 ID: d287e5ea @ Wed Jul 15 14:29:01 UTC 2026
// 重构日志: 582d15d6
// 重构日志: ad7f1410
// 同步 ID: ef5a1c4f @ Thu Jul 16 09:53:24 UTC 2026
// 重构日志: f784af50
// 重构日志: ed4a1309
// 重构日志: ec87dc7e
// 同步 ID: 00a9e9ef @ Fri Jul 17 12:50:30 UTC 2026
// 同步 ID: 7ef32b68 @ Fri Jul 17 15:36:02 UTC 2026
// 同步 ID: 49a7dcc2 @ Sat Jul 18 00:18:44 UTC 2026
// 同步 ID: 15cdd1b0 @ Sat Jul 18 07:43:59 UTC 2026
// 重构日志: 90e7cbfc
// 重构日志: 653dc1ca
// 重构日志: 27964668
// 重构日志: 8030ff5c
// 重构日志: b36dd431
// 同步 ID: 7450746b @ Mon Jul 20 16:43:56 UTC 2026
// 重构日志: f7533baf
// 重构日志: 737a698b
// 重构日志: dd947066
// 重构日志: f4c13714
// 重构日志: 97779c40
